<?xml version="1.0" encoding="UTF-8"?>
<testsuite xmlns:xsi="http://www.w3.org/2001/XMLSchema-instance" xsi:noNamespaceSchemaLocation="https://maven.apache.org/surefire/maven-surefire-plugin/xsd/surefire-test-report-3.0.xsd" version="3.0" name="com.baccalaureat.ai.ValidationPipelineFunctionalTest" time="0.407" tests="9" errors="0" skipped="0" failures="0">
  <properties>
[...]
</properties>
  <testcase name="testCategorizationEngine_InvalidInput" classname="com.baccalaureat.ai.ValidationPipelineFunctionalTest" time="0.068"/>
  <testcase name="testValidationResult_CacheFormat" classname="com.baccalaureat.ai.ValidationPipelineFunctionalTest" time="0.002"/>
  <testcase name="testLocalCacheValidator_EmptyWordHandling" classname="com.baccalaureat.ai.ValidationPipelineFunctionalTest" time="0.003"/>
  <testcase name="testCategorizationEngine_KnownWordValidation" classname="com.baccalaureat.ai.ValidationPipelineFunctionalTest" time="0.257">
    <system-err><![CDATA[SLF4J: Failed to load class "org.slf4j.impl.StaticLoggerBinder".
SLF4J: Defaulting to no-operation (NOP) logger implementation
SLF4J: See http://www.slf4j.org/codes.html#StaticLoggerBinder for further details.
]]></system-err>
  </testcase>
  <testcase name="testCategorizationEngine_ValidatorOrder" classname="com.baccalaureat.ai.ValidationPipelineFunctionalTest" time="0.002"/>
  <testcase name="testValidationPipeline_DeterministicFirst" classname="com.baccalaureat.ai.ValidationPipelineFunctionalTest" time="0.004"/>
  <testcase name="testLocalCacheValidator_CacheMissBehavior" classname="com.baccalaureat.ai.ValidationPipelineFunctionalTest" time="0.003"/>
  <testcase name="testLocalCacheValidator_AlwaysAvailable" classname="com.baccalaureat.ai.ValidationPipelineFunctionalTest" time="0.0"/>
  <testcase name="testCacheService_Behavior" classname="com.baccalaureat.ai.ValidationPipelineFunctionalTest" time="0.013"/>
</testsuite>